user1@sw1> op show-interfaces | no-more
Interface            Admin       Oper        Speed       Duplex      In Mbit/s     Out Mbit/s  In errors      Description
ge-0/0/0              down       down            -            -              0              0          -
ge-0/0/1                up       down            -            -              0              0          -
ge-0/0/1.404            up       down            -            -              0              0          -
ge-0/0/2                up       down            -            -              0              0          -
ge-0/0/2.150            up       down            -            -              0              0          -
ge-0/0/3                up       down            -            -              0              0          -
ge-0/0/3.407            up       down            -            -              0              0          -
ge-0/0/4                up       down            -            -              0              0          -
ge-0/0/5                up       down            -            -              0              0          -
ge-0/0/5.404            up       down            -            -              0              0          -
ge-0/0/6                up         up    1000 Mbps  full-duplex           6.29           41.2          0
ge-0/0/6.407            up         up            -            -              0              0          -
ge-0/0/7                up       down            -            -              0              0          -
ge-0/0/7.402            up       down            -            -              0              0          -
ge-0/0/8                up       down            -            -              0              0          -
ge-0/0/8.402            up       down            -            -              0              0          -
ge-0/0/9                up         up    1000 Mbps  full-duplex           3.93           0.18          0
ge-0/0/9.408            up         up            -            -              0              0          -
ge-0/0/10               up         up    1000 Mbps  full-duplex           0.11           0.06          0
ge-0/0/10.408           up         up            -            -              0              0          -
ge-0/0/11               up       down            -            -              0              0          -
ge-0/0/11.2184          up       down            -            -              0              0          -
ge-0/0/12               up       down            -            -              0              0          -
ge-0/0/12.280           up       down            -            -              0              0          -
ge-0/0/13               up       down            -            -              0              0          -
ge-0/0/13.283           up       down            -            -              0              0          -
ge-0/0/14               up       down            -            -              0              0          -
ge-0/0/14.112           up       down            -            -              0              0          -
ge-0/0/14.402           up       down            -            -              0              0          -
ge-0/0/15               up       down            -            -              0              0          -
ge-0/0/15.404           up       down            -            -              0              0          -
ge-0/0/16               up       down            -            -              0              0          -
ge-0/0/17               up       down            -            -              0              0          -
ge-0/0/17.404           up       down            -            -              0              0          -
ge-0/0/18               up       down            -            -              0              0          -
ge-0/0/18.404           up       down            -            -              0              0          -
ge-0/0/19               up       down            -            -              0              0          -
ge-0/0/19.403           up       down            -            -              0              0          -
ge-0/0/20               up       down            -            -              0              0          -
ge-0/0/20.342           up       down            -            -              0              0          -
ge-0/0/21               up       down            -            -              0              0          -
ge-0/0/21.406           up       down            -            -              0              0          -
ge-0/0/22               up       down            -            -              0              0          -
ge-0/0/22.405           up       down            -            -              0              0          -
ge-0/0/23               up       down            -            -              0              0          -
ge-0/0/23.404           up       down            -            -              0              0          -
ge-0/0/24               up       down            -            -              0              0          -
ge-0/0/24.407           up       down            -            -              0              0          -
ge-0/0/25               up       down            -            -              0              0          -
ge-0/0/25.406           up       down            -            -              0              0          -
ge-0/0/26               up       down            -            -              0              0          -
ge-0/0/26.404           up       down            -            -              0              0          -
ge-0/0/27               up       down            -            -              0              0          -
ge-0/0/27.403           up       down            -            -              0              0          -
ge-0/0/28               up         up    1000 Mbps  full-duplex              0           0.03          0
ge-0/0/28.406           up         up            -            -              0              0          -
ge-0/0/29               up       down            -            -              0              0          -
ge-0/0/30               up       down            -            -              0              0          -
ge-0/0/30.405           up       down            -            -              0              0          -
ge-0/0/31               up       down            -            -              0              0          -
ge-0/0/31.405           up       down            -            -              0              0          -
ge-0/0/32               up       down            -            -              0              0          -
ge-0/0/32.406           up       down            -            -              0              0          -
ge-0/0/33               up       down            -            -              0              0          -
ge-0/0/34               up       down            -            -              0              0          -
ge-0/0/35               up       down            -            -              0              0          -
ge-0/0/35.113           up       down            -            -              0              0          -
ge-0/0/36               up       down            -            -              0              0          -
ge-0/0/36.113           up       down            -            -              0              0          -
ge-0/0/37               up       down            -            -              0              0          -
ge-0/0/38               up       down            -            -              0              0          -
ge-0/0/39               up       down            -            -              0              0          -
ge-0/0/40               up       down            -            -              0              0          -
ge-0/0/41               up       down            -            -              0              0          -
ge-0/0/42               up       down            -            -              0              0          -
ge-0/0/43               up       down            -            -              0              0          -
ge-0/0/44               up       down            -            -              0              0          -
ge-0/0/44.404           up       down            -            -              0              0          -
ge-0/0/45               up       down            -            -              0              0          -
ge-0/0/46               up       down            -            -              0              0          -
ge-0/0/47               up       down            -            -              0              0          -
ge-0/2/0                up         up    1000 Mbps  full-duplex           43.8           10.5          0 TRUNK sw3.example.local@Gi3/3
ge-0/2/0.0              up         up            -            -              0              0          -
ge-0/2/0.112            up         up            -            -              0              0          -
ge-0/2/0.113            up         up            -            -              0              0          -
ge-0/2/0.125            up         up            -            -              0              0          -
ge-0/2/0.150            up         up            -            -              0              0          -
ge-0/2/0.280            up         up            -            -              0              0          -
ge-0/2/0.283            up         up            -            -              0              0          -
ge-0/2/0.342            up         up            -            -              0              0          -
ge-0/2/0.402            up         up            -            -              0              0          -
ge-0/2/0.403            up         up            -            -              0              0          -
ge-0/2/0.404            up         up            -            -              0              0          -
ge-0/2/0.405            up         up            -            -              0              0          -
ge-0/2/0.406            up         up            -            -              0              0          -
ge-0/2/0.407            up         up            -            -              0              0          -
ge-0/2/0.408            up         up            -            -              0              0          -
ge-0/2/0.1000           up         up            -            -              0              0          -
ge-0/2/0.2184           up         up            -            -              0              0          -
ge-0/2/1                up       down            -            -              0              0          -
ge-0/2/1.0              up       down            -            -              0              0          -
ge-0/2/2                up       down            -            -              0              0          -
ge-0/2/2.0              up       down            -            -              0              0          -
ge-0/2/3                up         up    1000 Mbps  full-duplex           0.26           0.00          0 TRUNK sw4.example.local@Gi4/4
ge-0/2/3.0              up         up            -            -              0              0          -
ge-0/2/3.112            up         up            -            -              0              0          -
ge-0/2/3.113            up         up            -            -              0              0          -
ge-0/2/3.125            up         up            -            -              0              0          -
ge-0/2/3.150            up         up            -            -              0              0          -
ge-0/2/3.280            up         up            -            -              0              0          -
ge-0/2/3.283            up         up            -            -              0              0          -
ge-0/2/3.342            up         up            -            -              0              0          -
ge-0/2/3.402            up         up            -            -              0              0          -
ge-0/2/3.403            up         up            -            -              0              0          -
ge-0/2/3.404            up         up            -            -              0              0          -
ge-0/2/3.405            up         up            -            -              0              0          -
ge-0/2/3.406            up         up            -            -              0              0          -
ge-0/2/3.407            up         up            -            -              0              0          -
ge-0/2/3.408            up         up            -            -              0              0          -
ge-0/2/3.1000           up         up            -            -              0              0          -
ge-0/2/3.2184           up         up            -            -              0              0          -

{master:0}
user1@sw1>
